<?xml version="1.0" encoding="UTF-8"?>
<!-- Generated by org.testng.reporters.JUnitReportReporter -->
<testsuite hostname="DESKTOP-BUO3JJE" name="com.training.sanity.tests.LoginTests" tests="6" failures="0" timestamp="22 Aug 2019 13:34:13 GMT" time="54.158" errors="0">
  <testcase name="verifyCourseDetails" time="9.916" classname="com.training.sanity.tests.LoginTests"/>
  <testcase name="verifyUserMenuLinks" time="3.070" classname="com.training.sanity.tests.LoginTests"/>
  <testcase name="userLogout" time="6.414" classname="com.training.sanity.tests.LoginTests"/>
  <testcase name="validLoginTest" time="9.744" classname="com.training.sanity.tests.LoginTests"/>
  <testcase name="registerCourse" time="22.338" classname="com.training.sanity.tests.LoginTests"/>
  <testcase name="closeBrowser" time="2.676" classname="com.training.sanity.tests.LoginTests"/>
</testsuite> <!-- com.training.sanity.tests.LoginTests -->
